A1 China_PR
A2 Hong_Kong
B1 South_Korea
B2 Japan
BEST3 DPR_Korea
A1 Chinese_Taipei
A2 DPR_Korea
B1 South_Korea
B2 China_PR
BEST3 Japan
A1 Iraq
A2 DPR_Korea
B1 Hong_Kong
B2 Chinese_Taipei
BEST3 South_Korea
A1 Iraq
A2 Japan
B1 China_PR
B2 South_Korea
BEST3 DPR_Korea
A1 China_PR
A2 Iraq
B1 Iran
B2 Hong_Kong
BEST3 South_Korea
A1 DPR_Korea
A2 Iraq
B1 Hong_Kong
B2 South_Korea
BEST3 Japan
A1 Hong_Kong
A2 South_Korea
B1 China_PR
B2 Japan
BEST3 Iran
A1 Japan
A2 Chinese_Taipei
B1 Hong_Kong
B2 South_Korea
BEST3 DPR_Korea
A1 Japan
A2 China_PR
B1 Iraq
B2 DPR_Korea
BEST3 Iran
A1 Iraq
A2 Iran
B1 Chinese_Taipei
B2 Japan
BEST3 South_Korea
